2025-06-08 14:56:25,707 - INFO -  Dataset loaded successfully.
2025-06-08 14:56:25,715 - INFO -  Summary saved to summary.json
2025-06-08 14:59:56,867 - INFO -  Dataset loaded successfully.
2025-06-08 14:59:56,876 - INFO -  Summary saved to summary.json
2025-06-08 14:59:57,333 - ERROR - Error
Traceback (most recent call last):
  File "c:\Users\ss206\Desktop\Folders\Projects-resume\CleanSweep\cleansweep\eda.py", line 10, in generate_eda_report
    report = sv.analyze(df)
             ^^^^^^^^^^^^^^
  File "C:\Users\ss206\Desktop\Folders\Projects-resume\CleanSweep\venv\Lib\site-packages\sweetviz\sv_public.py", line 12, in analyze
    report = sweetviz.DataframeReport(source, target_feat, None,
             ^^^^^^^^^^^^^^^^^^^^^^^^^^^^^^^^^^^^^^^^^^^^^^^^^^^
  File "C:\Users\ss206\Desktop\Folders\Projects-resume\CleanSweep\venv\Lib\site-packages\sweetviz\dataframe_report.py", line 277, in __init__
    self._features[f.source.name] = sa.analyze_feature_to_dictionary(f)
                                    ^^^^^^^^^^^^^^^^^^^^^^^^^^^^^^^^^^^
  File "C:\Users\ss206\Desktop\Folders\Projects-resume\CleanSweep\venv\Lib\site-packages\sweetviz\series_analyzer.py", line 142, in analyze_feature_to_dictionary
    sweetviz.series_analyzer_numeric.analyze(to_process, returned_feature_dict)
  File "C:\Users\ss206\Desktop\Folders\Projects-resume\CleanSweep\venv\Lib\site-packages\sweetviz\series_analyzer_numeric.py", line 102, in analyze
    feature_dict["minigraph"] = GraphNumeric("mini", to_process)
                                ^^^^^^^^^^^^^^^^^^^^^^^^^^^^^^^^
  File "C:\Users\ss206\Desktop\Folders\Projects-resume\CleanSweep\venv\Lib\site-packages\sweetviz\graph_numeric.py", line 71, in __init__
    warnings.filterwarnings('ignore', category=np.VisibleDeprecationWarning)
                                               ^^^^^^^^^^^^^^^^^^^^^^^^^^^^
  File "C:\Users\ss206\Desktop\Folders\Projects-resume\CleanSweep\venv\Lib\site-packages\numpy\__init__.py", line 808, in __getattr__
    raise AttributeError(f"module {__name__!r} has no attribute {attr!r}")
AttributeError: module 'numpy' has no attribute 'VisibleDeprecationWarning'
2025-06-08 20:46:37,433 - INFO -  Dataset loaded successfully.
2025-06-08 20:46:37,441 - INFO -  Summary saved to summary.json
2025-06-08 20:46:42,620 - INFO -  EDA report saved to eda_report.html
2025-06-08 22:14:26,466 - INFO -  Dataset loaded successfully.
2025-06-08 22:14:26,471 - INFO -  Summary saved to summary.json
2025-06-08 22:14:32,134 - INFO - \U0001f4ca ydata-profiling report saved to profile_report.html
